TN:
SF:src\services\store.ts
FN:39,useDispatch
FNF:1
FNH:0
FNDA:0,useDispatch
DA:1,1
DA:2,1
DA:3,1
DA:4,1
DA:5,1
DA:6,1
DA:7,1
DA:8,1
DA:9,1
DA:10,1
DA:11,1
DA:12,1
DA:13,1
DA:14,1
DA:15,1
DA:16,1
DA:17,1
DA:18,1
DA:19,1
DA:20,1
DA:21,1
DA:22,1
DA:23,1
DA:24,1
DA:25,1
DA:26,1
DA:27,1
DA:28,1
DA:29,1
DA:30,1
DA:31,1
DA:32,1
DA:33,1
DA:34,1
DA:35,1
DA:36,1
DA:37,1
DA:38,1
DA:39,1
DA:40,1
DA:41,1
DA:42,1
LF:42
LH:42
BRF:0
BRH:0
end_of_record
TN:
SF:src\services\slices\burgerConstructorSlice.ts
FN:25,burgerConstructorSelector
FN:29,reducer
FN:36,prepare
FN:41,upIngredient
FN:46,downIngredient
FN:51,removeIngredient
FN:60,clearBurgerConstructor
FNF:7
FNH:7
FNDA:1,burgerConstructorSelector
FNDA:4,reducer
FNDA:4,prepare
FNDA:1,upIngredient
FNDA:1,downIngredient
FNDA:1,removeIngredient
FNDA:1,clearBurgerConstructor
DA:1,1
DA:2,1
DA:3,1
DA:4,1
DA:5,1
DA:6,1
DA:7,1
DA:8,1
DA:9,1
DA:10,1
DA:11,1
DA:12,1
DA:13,1
DA:14,1
DA:15,1
DA:16,1
DA:17,1
DA:18,1
DA:19,1
DA:20,1
DA:21,1
DA:22,1
DA:23,1
DA:24,1
DA:25,1
DA:26,1
DA:27,1
DA:28,1
DA:29,1
DA:30,4
DA:31,2
DA:32,2
DA:33,2
DA:34,2
DA:35,1
DA:36,1
DA:37,4
DA:38,4
DA:39,4
DA:40,1
DA:41,1
DA:42,1
DA:43,1
DA:44,1
DA:45,1
DA:46,1
DA:47,1
DA:48,1
DA:49,1
DA:50,1
DA:51,1
DA:52,1
DA:53,1
DA:54,1
DA:55,1
DA:56,1
DA:57,1
DA:58,1
DA:59,1
DA:60,1
DA:61,1
DA:62,1
DA:63,1
DA:64,1
DA:65,1
DA:66,1
DA:67,1
DA:68,1
DA:69,1
DA:70,1
DA:71,1
DA:72,1
DA:73,1
DA:74,1
DA:75,1
LF:75
LH:75
BRDA:25,0,0,1
BRDA:29,1,0,4
BRDA:30,2,0,2
BRDA:36,3,0,4
BRDA:41,4,0,1
BRDA:46,5,0,1
BRDA:51,6,0,1
BRDA:57,7,0,2
BRDA:60,8,0,1
BRF:9
BRH:9
end_of_record
TN:
SF:src\services\slices\feedSlice.ts
FN:38,ordersSelector
FN:39,isFeedsLoadingSelector
FN:40,orderSelector
FN:41,isOrderLoadingSelector
FN:42,totalSelector
FN:43,totalTodaySelector
FN:46,extraReducers
FNF:7
FNH:3
FNDA:1,ordersSelector
FNDA:0,isFeedsLoadingSelector
FNDA:1,orderSelector
FNDA:0,isOrderLoadingSelector
FNDA:0,totalSelector
FNDA:0,totalTodaySelector
FNDA:2,extraReducers
DA:1,1
DA:2,1
DA:3,1
DA:4,1
DA:5,1
DA:6,1
DA:7,1
DA:8,1
DA:9,1
DA:10,1
DA:11,1
DA:12,1
DA:13,1
DA:14,1
DA:15,1
DA:16,1
DA:17,1
DA:18,1
DA:19,1
DA:20,1
DA:21,1
DA:22,1
DA:23,1
DA:24,1
DA:25,1
DA:26,1
DA:27,1
DA:28,1
DA:29,1
DA:30,1
DA:31,1
DA:32,1
DA:33,1
DA:34,1
DA:35,1
DA:36,1
DA:37,1
DA:38,1
DA:39,1
DA:40,1
DA:41,1
DA:42,1
DA:43,1
DA:44,1
DA:45,1
DA:46,1
DA:47,2
DA:48,2
DA:49,1
DA:50,2
DA:51,2
DA:52,0
DA:53,0
DA:54,2
DA:55,2
DA:56,1
DA:57,1
DA:58,1
DA:59,1
DA:60,2
DA:61,2
DA:62,2
DA:63,1
DA:64,2
DA:65,2
DA:66,0
DA:67,0
DA:68,2
DA:69,2
DA:70,0
DA:71,0
DA:72,2
DA:73,2
DA:74,1
DA:75,1
DA:76,1
DA:77,1
DA:78,1
DA:79,1
DA:80,1
DA:81,1
DA:82,1
DA:83,1
DA:84,1
DA:85,1
DA:86,1
DA:87,1
LF:87
LH:81
BRDA:5,0,0,1
BRDA:5,1,0,1
BRDA:5,2,0,1
BRDA:11,3,0,1
BRDA:11,4,0,1
BRDA:11,5,0,1
BRDA:38,6,0,1
BRDA:40,7,0,1
BRDA:46,8,0,2
BRDA:48,9,0,1
BRDA:55,10,0,1
BRDA:62,11,0,1
BRF:12
BRH:12
end_of_record
TN:
SF:src\services\slices\ingredientsSlice.ts
FN:26,ingredientsSelector
FN:27,isIngredientsLoadingSelector
FN:30,extraReducers
FNF:3
FNH:3
FNDA:1,ingredientsSelector
FNDA:1,isIngredientsLoadingSelector
FNDA:2,extraReducers
DA:1,1
DA:2,1
DA:3,1
DA:4,1
DA:5,1
DA:6,1
DA:7,1
DA:8,1
DA:9,1
DA:10,1
DA:11,1
DA:12,1
DA:13,1
DA:14,1
DA:15,1
DA:16,1
DA:17,1
DA:18,1
DA:19,1
DA:20,1
DA:21,1
DA:22,1
DA:23,1
DA:24,1
DA:25,1
DA:26,1
DA:27,1
DA:28,1
DA:29,1
DA:30,1
DA:31,2
DA:32,2
DA:33,1
DA:34,2
DA:35,2
DA:36,1
DA:37,1
DA:38,2
DA:39,2
DA:40,1
DA:41,1
DA:42,2
DA:43,2
DA:44,1
DA:45,1
DA:46,1
DA:47,1
DA:48,1
LF:48
LH:48
BRDA:19,0,0,2
BRDA:19,1,0,2
BRDA:19,2,0,2
BRDA:26,3,0,1
BRDA:27,4,0,1
BRDA:30,5,0,2
BRDA:32,6,0,1
BRDA:35,7,0,1
BRDA:39,8,0,1
BRF:9
BRH:9
end_of_record
TN:
SF:src\services\slices\orderSlice.ts
FN:26,isOrderLoadingSelector
FN:27,orderSelector
FN:30,clearOrder
FN:35,extraReducers
FNF:4
FNH:4
FNDA:1,isOrderLoadingSelector
FNDA:1,orderSelector
FNDA:1,clearOrder
FNDA:1,extraReducers
DA:1,1
DA:2,1
DA:3,1
DA:4,1
DA:5,1
DA:6,1
DA:7,1
DA:8,1
DA:9,1
DA:10,1
DA:11,1
DA:12,1
DA:13,1
DA:14,1
DA:15,1
DA:16,1
DA:17,1
DA:18,1
DA:19,1
DA:20,1
DA:21,1
DA:22,1
DA:23,1
DA:24,1
DA:25,1
DA:26,1
DA:27,1
DA:28,1
DA:29,1
DA:30,1
DA:31,1
DA:32,1
DA:33,1
DA:34,1
DA:35,1
DA:36,1
DA:37,1
DA:38,1
DA:39,1
DA:40,1
DA:41,1
DA:42,1
DA:43,1
DA:44,1
DA:45,1
DA:46,1
DA:47,1
DA:48,1
DA:49,1
DA:50,1
DA:51,1
DA:52,1
DA:53,1
LF:53
LH:53
BRDA:26,0,0,1
BRDA:27,1,0,1
BRDA:30,2,0,1
BRDA:35,3,0,1
BRDA:37,4,0,1
BRDA:40,5,0,1
BRDA:44,6,0,1
BRF:7
BRH:7
end_of_record
TN:
SF:src\services\slices\userSlice.ts
FN:78,isAuthCheckedSelector
FN:79,loginUserRequestSelector
FN:80,userNameSelector
FN:81,userEmailSelector
FN:82,userSelector
FN:83,userOrdersSelector
FN:84,ordersRequestSelector
FN:85,errorSelector
FN:88,clearErrors
FN:92,extraReducers
FNF:10
FNH:5
FNDA:1,isAuthCheckedSelector
FNDA:0,loginUserRequestSelector
FNDA:0,userNameSelector
FNDA:0,userEmailSelector
FNDA:1,userSelector
FNDA:1,userOrdersSelector
FNDA:0,ordersRequestSelector
FNDA:0,errorSelector
FNDA:1,clearErrors
FNDA:2,extraReducers
DA:1,1
DA:2,1
DA:3,1
DA:4,1
DA:5,1
DA:6,1
DA:7,1
DA:8,1
DA:9,1
DA:10,1
DA:11,1
DA:12,1
DA:13,1
DA:14,1
DA:15,1
DA:16,1
DA:17,1
DA:18,0
DA:19,0
DA:20,0
DA:21,0
DA:22,0
DA:23,1
DA:24,1
DA:25,1
DA:26,0
DA:27,0
DA:28,0
DA:29,0
DA:30,1
DA:31,1
DA:32,1
DA:33,0
DA:34,1
DA:35,1
DA:36,1
DA:37,1
DA:38,1
DA:39,0
DA:40,0
DA:41,0
DA:42,0
DA:43,0
DA:44,1
DA:45,1
DA:46,1
DA:47,1
DA:48,1
DA:49,1
DA:50,1
DA:51,1
DA:52,1
DA:53,1
DA:54,1
DA:55,1
DA:56,1
DA:57,1
DA:58,1
DA:59,1
DA:60,1
DA:61,1
DA:62,1
DA:63,1
DA:64,1
DA:65,1
DA:66,1
DA:67,1
DA:68,1
DA:69,1
DA:70,1
DA:71,1
DA:72,1
DA:73,1
DA:74,1
DA:75,1
DA:76,1
DA:77,1
DA:78,1
DA:79,1
DA:80,1
DA:81,1
DA:82,1
DA:83,1
DA:84,1
DA:85,1
DA:86,1
DA:87,1
DA:88,1
DA:89,1
DA:90,1
DA:91,1
DA:92,1
DA:93,2
DA:94,2
DA:95,1
DA:96,1
DA:97,2
DA:98,2
DA:99,1
DA:100,1
DA:101,2
DA:102,2
DA:103,1
DA:104,1
DA:105,1
DA:106,2
DA:107,2
DA:108,1
DA:109,1
DA:110,1
DA:111,2
DA:112,2
DA:113,0
DA:114,2
DA:115,2
DA:116,0
DA:117,0
DA:118,0
DA:119,2
DA:120,2
DA:121,1
DA:122,1
DA:123,1
DA:124,2
DA:125,2
DA:126,0
DA:127,0
DA:128,2
DA:129,2
DA:130,0
DA:131,0
DA:132,0
DA:133,2
DA:134,2
DA:135,0
DA:136,0
DA:137,0
DA:138,2
DA:139,2
DA:140,0
DA:141,2
DA:142,2
DA:143,0
DA:144,0
DA:145,2
DA:146,2
DA:147,0
DA:148,0
DA:149,0
DA:150,2
DA:151,2
DA:152,0
DA:153,2
DA:154,2
DA:155,0
DA:156,0
DA:157,2
DA:158,2
DA:159,1
DA:160,1
DA:161,2
DA:162,2
DA:163,1
DA:164,1
DA:165,1
DA:166,1
DA:167,1
DA:168,1
DA:169,1
DA:170,1
DA:171,1
DA:172,1
DA:173,1
DA:174,1
DA:175,1
DA:176,1
DA:177,1
DA:178,1
LF:178
LH:142
BRDA:78,0,0,1
BRDA:82,1,0,1
BRDA:83,2,0,1
BRDA:88,3,0,1
BRDA:92,4,0,2
BRDA:94,5,0,1
BRDA:98,6,0,1
BRDA:102,7,0,1
BRDA:107,8,0,1
BRDA:120,9,0,1
BRDA:158,10,0,1
BRF:11
BRH:11
end_of_record
